<?xml version="1.0" encoding="UTF-8"?>
<testng-results skipped="0" failed="0" ignored="0" total="4" passed="4">
  <reporter-output>
  </reporter-output>
  <suite name="Default suite" duration-ms="50" started-at="2020-11-16T10:24:12 CST" finished-at="2020-11-16T10:24:12 CST">
    <groups>
    </groups>
    <test name="Default test" duration-ms="50" started-at="2020-11-16T10:24:12 CST" finished-at="2020-11-16T10:24:12 CST">
      <class name="test.Testcase">
        <test-method status="PASS" signature="BeforeMethod()[pri:0, instance:test.Testcase@7d907bac]" name="BeforeMethod" is-config="true" duration-ms="5" started-at="2020-11-16T10:24:12 CST" finished-at="2020-11-16T10:24:12 CST">
          <reporter-output>
          </reporter-output>
        </test-method> <!-- BeforeMethod -->
        <test-method status="PASS" signature="add()[pri:0, instance:test.Testcase@7d907bac]" name="add" duration-ms="4" started-at="2020-11-16T10:24:12 CST" finished-at="2020-11-16T10:24:12 CST">
          <reporter-output>
          </reporter-output>
        </test-method> <!-- add -->
        <test-method status="PASS" signature="AfterMethod()[pri:0, instance:test.Testcase@7d907bac]" name="AfterMethod" is-config="true" duration-ms="0" started-at="2020-11-16T10:24:12 CST" finished-at="2020-11-16T10:24:12 CST">
          <reporter-output>
          </reporter-output>
        </test-method> <!-- AfterMethod -->
        <test-method status="PASS" signature="test1()[pri:0, instance:test.Testcase@7d907bac]" name="test1" duration-ms="1" started-at="2020-11-16T10:24:12 CST" finished-at="2020-11-16T10:24:12 CST">
          <reporter-output>
          </reporter-output>
        </test-method> <!-- test1 -->
        <test-method status="PASS" signature="BeforeMethod()[pri:0, instance:test.Testcase@7d907bac]" name="BeforeMethod" is-config="true" duration-ms="0" started-at="2020-11-16T10:24:12 CST" finished-at="2020-11-16T10:24:12 CST">
          <reporter-output>
          </reporter-output>
        </test-method> <!-- BeforeMethod -->
        <test-method status="PASS" signature="BeforeMethod()[pri:0, instance:test.Testcase@7d907bac]" name="BeforeMethod" is-config="true" duration-ms="0" started-at="2020-11-16T10:24:12 CST" finished-at="2020-11-16T10:24:12 CST">
          <reporter-output>
          </reporter-output>
        </test-method> <!-- BeforeMethod -->
        <test-method status="PASS" signature="test2()[pri:0, instance:test.Testcase@7d907bac]" name="test2" duration-ms="1" started-at="2020-11-16T10:24:12 CST" finished-at="2020-11-16T10:24:12 CST">
          <reporter-output>
          </reporter-output>
        </test-method> <!-- test2 -->
        <test-method status="PASS" signature="AfterMethod()[pri:0, instance:test.Testcase@7d907bac]" name="AfterMethod" is-config="true" duration-ms="0" started-at="2020-11-16T10:24:12 CST" finished-at="2020-11-16T10:24:12 CST">
          <reporter-output>
          </reporter-output>
        </test-method> <!-- AfterMethod -->
        <test-method status="PASS" signature="AfterMethod()[pri:0, instance:test.Testcase@7d907bac]" name="AfterMethod" is-config="true" duration-ms="0" started-at="2020-11-16T10:24:12 CST" finished-at="2020-11-16T10:24:12 CST">
          <reporter-output>
          </reporter-output>
        </test-method> <!-- AfterMethod -->
        <test-method status="PASS" signature="BeforeMethod()[pri:0, instance:test.Testcase@7d907bac]" name="BeforeMethod" is-config="true" duration-ms="0" started-at="2020-11-16T10:24:12 CST" finished-at="2020-11-16T10:24:12 CST">
          <reporter-output>
          </reporter-output>
        </test-method> <!-- BeforeMethod -->
        <test-method status="PASS" signature="test3()[pri:0, instance:test.Testcase@7d907bac]" name="test3" duration-ms="1" started-at="2020-11-16T10:24:12 CST" finished-at="2020-11-16T10:24:12 CST">
          <reporter-output>
          </reporter-output>
        </test-method> <!-- test3 -->
        <test-method status="PASS" signature="AfterMethod()[pri:0, instance:test.Testcase@7d907bac]" name="AfterMethod" is-config="true" duration-ms="1" started-at="2020-11-16T10:24:12 CST" finished-at="2020-11-16T10:24:12 CST">
          <reporter-output>
          </reporter-output>
        </test-method> <!-- AfterMethod -->
        <test-method status="PASS" signature="tearDown()[pri:0, instance:test.Testcase@7d907bac]" name="tearDown" is-config="true" duration-ms="0" started-at="2020-11-16T10:24:12 CST" finished-at="2020-11-16T10:24:12 CST">
          <reporter-output>
          </reporter-output>
        </test-method> <!-- tearDown -->
      </class> <!-- test.Testcase -->
    </test> <!-- Default test -->
  </suite> <!-- Default suite -->
</testng-results>
