<?xml version="1.0" encoding="UTF-8"?>
<testsuite name="TEST"
           tests="4"
           failures="0"
           errors="0"
           skipped="0"
           time="0.007">
  <properties />
  
  
            <testcase name="add" time="0.005" classname="test.Testcase" />
                <testcase name="test2" time="0.000" classname="test.Testcase" />
                <testcase name="test3" time="0.001" classname="test.Testcase" />
                <testcase name="test1" time="0.001" classname="test.Testcase" />
      
</testsuite>
