<?xml version="1.0" encoding="UTF-8"?>
<!-- Generated by org.testng.reporters.JUnitXMLReporter -->
<testsuite hostname="lwshimeinv" ignored="0" name="Default test" tests="4" failures="0" timestamp="2020-11-16T10:24:12 CST" time="0.05" errors="0">
  <testcase name="add" time="0.004" classname="test.Testcase"/>
  <testcase name="test1" time="0.001" classname="test.Testcase"/>
  <testcase name="test2" time="0.001" classname="test.Testcase"/>
  <testcase name="test3" time="0.001" classname="test.Testcase"/>
</testsuite> <!-- Default test -->
